<?xml version="1.0" encoding="UTF-8"?>
<!-- Generated by org.testng.reporters.JUnitReportReporter -->
<testsuite hostname="BLRLTBC4JG32" name="com.learntestng.AppTest" tests="1" failures="0" timestamp="9 Jun 2015 17:02:59 GMT" time="0.005" errors="0">
  <testcase name="sendMail" time="0.005" classname="com.learntestng.AppTest"/>
</testsuite>
