<?xml version="1.0" encoding="UTF-8"?>
<!-- Generated by org.testng.reporters.JUnitReportReporter -->
<testsuite hostname="BLRLTBC4JG32" name="com.learntestng.SampleTest" tests="1" failures="0" timestamp="9 Jun 2015 17:02:59 GMT" time="0.000" errors="0">
  <testcase name="sampletest" time="0.000" classname="com.learntestng.SampleTest"/>
</testsuite>
